
tim@Tims-MBP tfstate % terraform apply backup
aws_dynamodb_table.terraform_locks: Creating...
aws_s3_bucket.state_bucket: Creating...
aws_s3_bucket.state_bucket: Creation complete after 1s [id=bluedragon-employer-prod]
aws_s3_bucket_public_access_block.block_public_access: Creating...
aws_s3_bucket_ownership_controls.ownership: Creating...
aws_s3_bucket_versioning.state_bucket_versioning: Creating...
aws_s3_bucket_server_side_encryption_configuration.state_bucket_encryption: Creating...
aws_s3_bucket_ownership_controls.ownership: Creation complete after 1s [id=bluedragon-employer-prod]
aws_s3_bucket_public_access_block.block_public_access: Creation complete after 1s [id=bluedragon-employer-prod]
aws_s3_bucket_acl.state_bucket_acl: Creating...
aws_s3_bucket_server_side_encryption_configuration.state_bucket_encryption: Creation complete after 1s [id=bluedragon-employer-prod]
aws_s3_bucket_acl.state_bucket_acl: Creation complete after 0s [id=bluedragon-employer-prod,private]
aws_s3_bucket_versioning.state_bucket_versioning: Creation complete after 2s [id=bluedragon-employer-prod]
aws_dynamodb_table.terraform_locks: Creation complete after 7s [id=terraform-locks]

Apply complete! Resources: 7 added, 0 changed, 0 destroyed.

tim@Tims-MBP tfstate % terraform apply backup    
aws_s3_bucket.state_bucket: Modifying... [id=bluedragon-employer-prod]
aws_s3_bucket.state_bucket: Modifications complete after 1s [id=bluedragon-employer-prod]

Apply complete! Resources: 0 added, 1 changed, 0 destroyed.

tim@Tims-MBP tfstate % terraform apply backup
aws_s3_bucket_lifecycle_configuration.state_bucket_lifecycle: Creating...
aws_s3_bucket_lifecycle_configuration.state_bucket_lifecycle: Still creating... [10s elapsed]
aws_s3_bucket_lifecycle_configuration.state_bucket_lifecycle: Still creating... [20s elapsed]
aws_s3_bucket_lifecycle_configuration.state_bucket_lifecycle: Still creating... [30s elapsed]
aws_s3_bucket_lifecycle_configuration.state_bucket_lifecycle: Creation complete after 31s [id=bluedragon-employer-prod]

Apply complete! Resources: 1 added, 0 changed, 0 destroyed.

